[syal.cf/index.html]
[backblue.gif]
[fade.gif]
[index.html]
[syal.cf/assets/aos/aos.css]
[syal.cf/assets/bootstrap/css/bootstrap.min.css]
[cdnjs.cloudflare.com/ajax/libs/font-awesome/5.11.2/css/all.min.css]
[syal.cf/assets/css/variables.css]
[cdnjs.cloudflare.com/ajax/libs/animate.css/3.3.0/animate.css]
[cdnjs.cloudflare.com/ajax/libs/wow/1.1.2/wow.js]
[syal.cf/assets/css/style.css]
[syal.cf/index-2.html]
[syal.cf/images/img2.png]
[syal.cf/images/react.png]
[syal.cf/images/web2.png]
[syal.cf/assets/js/jquery-3.4.1.min.js]
[ajax.googleapis.com/ajax/libs/jquery/2.1.1/jquery.min.js]
[syal.cf/assets/aos/aos.js]
[syal.cf/assets/bootstrap/js/bootstrap.bundle.min.js]
[syal.cf/assets/waypoints/noframework.waypoints.js]
[cdnjs.cloudflare.com/ajax/libs/typed.js/2.0.11/typed.min.js]
[syal.cf/assets/js/main.js]
[syal.cf/index.html]
[syal.cf/assets/aos/aos.css]
[syal.cf/assets/bootstrap/css/bootstrap.min.css]
[cdnjs.cloudflare.com/ajax/libs/font-awesome/5.11.2/css/all.min.css]
[syal.cf/assets/css/variables.css]
[cdnjs.cloudflare.com/ajax/libs/animate.css/3.3.0/animate.css]
[cdn.jsdelivr.net/particles.js/2.0.0/particles.min.js]
[cdn.jsdelivr.net/npm/bootstrap-icons@1.8.3/font/bootstrap-icons.css]
[syal.cf/assets/img/hero-bg.jpg]
[syal.cf/assets/css/style.css]
[syal.cf/index-2.html]
[cdn.jsdelivr.net/npm/bootstrap-icons@1.8.3/font/fonts/bootstrap-iconse8a7.woff2]
[cdn.jsdelivr.net/npm/bootstrap-icons@1.8.3/font/bootstrap-icons.css]
[cdn.jsdelivr.net/npm/bootstrap-icons@1.8.3/font/fonts/bootstrap-iconse8a7.woff]
[syal.cf/assets/img/hero-bg.html]
